[2014-10-10 12:20:55] requirements_debian_update_system
requirements_debian_update_system () 
{ 
    __rvm_try_sudo apt-get --quiet --yes update || { 
        typeset __ret=$?;
        case ${__ret} in 
            100)
                rvm_error "There has been error while updating 'apt-get', please give it some time and try again later.
For 404 errors check your sources configured in:
    /etc/apt/sources.list
    /etc/apt/sources.list.d/*.list
"
            ;;
        esac;
        return ${__ret}
    }
}
current path: /home/joonghopark
PATH=/usr/local/sbin:/usr/local/bin:/usr/sbin:/usr/bin:/sbin:/bin:/usr/games:/usr/local/games:/home/joonghopark/.rvm/bin
command(2): requirements_debian_update_system ruby-2.0.0-p576
++ __rvm_try_sudo apt-get --quiet --yes update
++ typeset -a command_to_run
++ typeset sudo_path sbin_path missing_paths
++ command_to_run=("$@")
++ ((  UID == 0  ))
++ case "$rvm_autolibs_flag_number" in
++ is_a_function __rvm_sudo
++ typeset -f __rvm_sudo
++ missing_paths=
++ for sbin_path in /sbin /usr/sbin /usr/local/sbin
++ [[ -d /sbin ]]
++ [[ ! :/usr/local/sbin:/usr/local/bin:/usr/sbin:/usr/bin:/sbin:/bin:/usr/games:/usr/local/games:/home/joonghopark/.rvm/bin: =~ :/sbin: ]]
++ for sbin_path in /sbin /usr/sbin /usr/local/sbin
++ [[ -d /usr/sbin ]]
++ [[ ! :/usr/local/sbin:/usr/local/bin:/usr/sbin:/usr/bin:/sbin:/bin:/usr/games:/usr/local/games:/home/joonghopark/.rvm/bin: =~ :/usr/sbin: ]]
++ for sbin_path in /sbin /usr/sbin /usr/local/sbin
++ [[ -d /usr/local/sbin ]]
++ [[ ! :/usr/local/sbin:/usr/local/bin:/usr/sbin:/usr/bin:/sbin:/bin:/usr/games:/usr/local/games:/home/joonghopark/.rvm/bin: =~ :/usr/local/sbin: ]]
++ [[ -n '' ]]
++ command_to_run=(__rvm_sudo -p "%p password required for '$*': " "${command_to_run[@]}")
++ __rvm_sudo -p '%p password required for '\''apt-get --quiet --yes update'\'': ' apt-get --quiet --yes update
++ command sudo -p '%p password required for '\''apt-get --quiet --yes update'\'': ' apt-get --quiet --yes update
++ sudo -p '%p password required for '\''apt-get --quiet --yes update'\'': ' apt-get --quiet --yes update
Ign http://kr.archive.ubuntu.com trusty InRelease
Ign http://kr.archive.ubuntu.com trusty-updates InRelease
Ign http://kr.archive.ubuntu.com trusty-backports InRelease
Hit http://kr.archive.ubuntu.com trusty Release.gpg
Get:1 http://kr.archive.ubuntu.com trusty-updates Release.gpg [933 B]
Hit http://kr.archive.ubuntu.com trusty-backports Release.gpg
Hit http://kr.archive.ubuntu.com trusty Release
Get:2 http://kr.archive.ubuntu.com trusty-updates Release [59.7 kB]
Hit http://kr.archive.ubuntu.com trusty-backports Release
Hit http://kr.archive.ubuntu.com trusty/main Sources
Hit http://kr.archive.ubuntu.com trusty/restricted Sources
Hit http://kr.archive.ubuntu.com trusty/universe Sources
Hit http://kr.archive.ubuntu.com trusty/multiverse Sources
Hit http://kr.archive.ubuntu.com trusty/main i386 Packages
Hit http://kr.archive.ubuntu.com trusty/restricted i386 Packages
Hit http://kr.archive.ubuntu.com trusty/universe i386 Packages
Hit http://kr.archive.ubuntu.com trusty/multiverse i386 Packages
Hit http://kr.archive.ubuntu.com trusty/main Translation-en
Hit http://kr.archive.ubuntu.com trusty/multiverse Translation-en
Hit http://kr.archive.ubuntu.com trusty/restricted Translation-en
Hit http://kr.archive.ubuntu.com trusty/universe Translation-en
Get:3 http://kr.archive.ubuntu.com trusty-updates/main Sources [126 kB]
Get:4 http://kr.archive.ubuntu.com trusty-updates/restricted Sources [1,408 B]
Get:5 http://kr.archive.ubuntu.com trusty-updates/universe Sources [86.7 kB]
Get:6 http://kr.archive.ubuntu.com trusty-updates/multiverse Sources [3,531 B]
Get:7 http://kr.archive.ubuntu.com trusty-updates/main i386 Packages [333 kB]
Ign http://extras.ubuntu.com trusty InRelease
Ign http://security.ubuntu.com trusty-security InRelease
Get:8 http://kr.archive.ubuntu.com trusty-updates/restricted i386 Packages [5,820 B]
Get:9 http://kr.archive.ubuntu.com trusty-updates/universe i386 Packages [211 kB]
Hit http://extras.ubuntu.com trusty Release.gpg
Get:10 http://security.ubuntu.com trusty-security Release.gpg [933 B]
Get:11 http://kr.archive.ubuntu.com trusty-updates/multiverse i386 Packages [9,532 B]
Hit http://kr.archive.ubuntu.com trusty-updates/main Translation-en
Hit http://kr.archive.ubuntu.com trusty-updates/multiverse Translation-en
Hit http://kr.archive.ubuntu.com trusty-updates/restricted Translation-en
Hit http://kr.archive.ubuntu.com trusty-updates/universe Translation-en
Hit http://kr.archive.ubuntu.com trusty-backports/main Sources
Hit http://kr.archive.ubuntu.com trusty-backports/restricted Sources
Hit http://kr.archive.ubuntu.com trusty-backports/universe Sources
Hit http://extras.ubuntu.com trusty Release
Hit http://kr.archive.ubuntu.com trusty-backports/multiverse Sources
Hit http://kr.archive.ubuntu.com trusty-backports/main i386 Packages
Hit http://kr.archive.ubuntu.com trusty-backports/restricted i386 Packages
Hit http://kr.archive.ubuntu.com trusty-backports/universe i386 Packages
Get:12 http://security.ubuntu.com trusty-security Release [59.7 kB]
Hit http://kr.archive.ubuntu.com trusty-backports/multiverse i386 Packages
Hit http://kr.archive.ubuntu.com trusty-backports/main Translation-en
Hit http://kr.archive.ubuntu.com trusty-backports/multiverse Translation-en
Hit http://kr.archive.ubuntu.com trusty-backports/restricted Translation-en
Hit http://kr.archive.ubuntu.com trusty-backports/universe Translation-en
Hit http://extras.ubuntu.com trusty/main Sources
Ign http://kr.archive.ubuntu.com trusty/main Translation-en_US
Ign http://kr.archive.ubuntu.com trusty/multiverse Translation-en_US
Ign http://kr.archive.ubuntu.com trusty/restricted Translation-en_US
Ign http://kr.archive.ubuntu.com trusty/universe Translation-en_US
Hit http://extras.ubuntu.com trusty/main i386 Packages
Get:13 http://security.ubuntu.com trusty-security/main Sources [47.0 kB]
Get:14 http://security.ubuntu.com trusty-security/restricted Sources [14 B]
Get:15 http://security.ubuntu.com trusty-security/universe Sources [10.8 kB]
Get:16 http://security.ubuntu.com trusty-security/multiverse Sources [700 B]
Get:17 http://security.ubuntu.com trusty-security/main i386 Packages [142 kB]
Ign http://extras.ubuntu.com trusty/main Translation-en_US
Ign http://extras.ubuntu.com trusty/main Translation-en
Get:18 http://security.ubuntu.com trusty-security/restricted i386 Packages [14 B]
Get:19 http://security.ubuntu.com trusty-security/universe i386 Packages [49.7 kB]
Get:20 http://security.ubuntu.com trusty-security/multiverse i386 Packages [1,398 B]
Hit http://security.ubuntu.com trusty-security/main Translation-en
Hit http://security.ubuntu.com trusty-security/multiverse Translation-en
Hit http://security.ubuntu.com trusty-security/restricted Translation-en
Hit http://security.ubuntu.com trusty-security/universe Translation-en
Fetched 1,150 kB in 6s (182 kB/s)
Reading package lists...
